[+] Containers:
 |- [+] Container: /Game/levels/level1map
 |   |- [+] ActorDescs:
 |   |   |- Guid:094B4B644DFF4AFA0710459C55D9155C BaseClass: NativeClass:/Script/Engine.StaticMeshActor Name:StaticMeshActor_24 Label:SM_Cube13 SpatiallyLoaded:1 Bounds:IsValid=true, Min=(X=300.000 Y=2700.000 Z=0.000), Max=(X=400.000 Y=2800.000 Z=200.000) RuntimeGrid:None EditorOnly:0 RuntimeOnly:0 HLODRelevant:1 ListedInSceneOutliner:1 IsMainWorldOnly:0 FolderPath:Block03 FolderGuid:7B7009C345D3D6DD94D3429E1D79C034
 |   |   |- Guid:0F5FA9D94CF60059809A7C82768A27B1 BaseClass:/Game/Spiral_Seashell/BP_wall.BP_wall_C NativeClass:/Script/Engine.Actor Name:wall_C_UAID_106FD9A61A0E7AAC02_1826483600 Label:wall SpatiallyLoaded:1 Bounds:IsValid=true, Min=(X=1500.000 Y=1000.000 Z=0.000), Max=(X=1600.000 Y=1100.000 Z=100.000) RuntimeGrid:None EditorOnly:0 RuntimeOnly:0 HLODRelevant:0 ListedInSceneOutliner:1 IsMainWorldOnly:0
 |   |   |- Guid:1D4EC86549937C98D878F7A78E472F1A BaseClass: NativeClass:/Script/Engine.StaticMeshActor Name:StaticMeshActor_5 Label:SM_Cube2 SpatiallyLoaded:1 Bounds:IsValid=true, Min=(X=0.000 Y=0.000 Z=0.000), Max=(X=3000.000 Y=100.000 Z=400.000) RuntimeGrid:None EditorOnly:0 RuntimeOnly:0 HLODRelevant:1 ListedInSceneOutliner:1 IsMainWorldOnly:0 FolderPath:Playground FolderGuid:C73F09FC4215536B1DCE2A9E0A830C70
 |   |   |- Guid:1DB3D84F4520D5643E1A5DBC792EF09C BaseClass:/Game/Spiral_Seashell/BP_wall.BP_wall_C NativeClass:/Script/Engine.Actor Name:wall_C_UAID_106FD9A61A0E84AC02_1573869361 Label:wall7 SpatiallyLoaded:1 Bounds:IsValid=true, Min=(X=500.000 Y=2100.000 Z=0.000), Max=(X=600.000 Y=2200.000 Z=100.000) RuntimeGrid:None EditorOnly:0 RuntimeOnly:0 HLODRelevant:0 ListedInSceneOutliner:1 IsMainWorldOnly:0
 |   |   |- Guid:20329E7941585E24B7A6D79D425D9302 BaseClass: NativeClass:/Script/Engine.StaticMeshActor Name:StaticMeshActor_16 Label:SM_Cube11 SpatiallyLoaded:1 Bounds:IsValid=true, Min=(X=400.000 Y=2600.000 Z=0.000), Max=(X=700.000 Y=2900.000 Z=200.000) RuntimeGrid:None EditorOnly:0 RuntimeOnly:0 HLODRelevant:1 ListedInSceneOutliner:1 IsMainWorldOnly:0 FolderPath:Block03 FolderGuid:7B7009C345D3D6DD94D3429E1D79C034
 |   |   |- Guid:22A41D5941EF9BCD6EEE71A28087C39B BaseClass:/Game/Spiral_Seashell/BP_wall.BP_wall_C NativeClass:/Script/Engine.Actor Name:wall_C_UAID_106FD9A61A0E7AAC02_1829565601 Label:wall2 SpatiallyLoaded:1 Bounds:IsValid=true, Min=(X=900.000 Y=600.000 Z=0.000), Max=(X=1000.000 Y=700.000 Z=100.000) RuntimeGrid:None EditorOnly:0 RuntimeOnly:0 HLODRelevant:0 ListedInSceneOutliner:1 IsMainWorldOnly:0
 |   |   |- Guid:2AAFBE1A4D2F0A07B77D5B9AC9358CD9 BaseClass: NativeClass:/Script/Engine.StaticMeshActor Name:StaticMeshActor_22 Label:SM_QuarterCylinder4 SpatiallyLoaded:1 Bounds:IsValid=true, Min=(X=300.000 Y=2600.000 Z=0.000), Max=(X=400.000 Y=2700.000 Z=200.000) RuntimeGrid:None EditorOnly:0 RuntimeOnly:0 HLODRelevant:1 ListedInSceneOutliner:1 IsMainWorldOnly:0 FolderPath:Block03 FolderGuid:7B7009C345D3D6DD94D3429E1D79C034
 |   |   |- Guid:2C5735A84F8467FB2D4A0CAF8B2DB4EA BaseClass: NativeClass:/Script/Engine.StaticMeshActor Name:StaticMeshActor_6 Label:SM_Cube3 SpatiallyLoaded:1 Bounds:IsValid=true, Min=(X=0.000 Y=3400.000 Z=0.000), Max=(X=3000.000 Y=3500.000 Z=400.000) RuntimeGrid:None EditorOnly:0 RuntimeOnly:0 HLODRelevant:1 ListedInSceneOutliner:1 IsMainWorldOnly:0 FolderPath:Playground FolderGuid:C73F09FC4215536B1DCE2A9E0A830C70
 |   |   |- Guid:2F4D880C4BEC73699BAF828AD56AC4AE BaseClass: NativeClass:/Script/Engine.StaticMeshActor Name:StaticMeshActor_34 Label:SM_QuarterCylinder13 SpatiallyLoaded:1 Bounds:IsValid=true, Min=(X=2000.000 Y=500.000 Z=0.000), Max=(X=2200.000 Y=700.000 Z=100.000) RuntimeGrid:None EditorOnly:0 RuntimeOnly:0 HLODRelevant:1 ListedInSceneOutliner:1 IsMainWorldOnly:0 FolderPath:Cylinder FolderGuid:D075E5BA49330D3EC2503D81A7CF88D1
 |   |   |- Guid:30FCC92E447BE0CEDE12D98F6ED6FC9E BaseClass:/Game/Spiral_Seashell/BP_breakableWall.BP_breakableWall_C NativeClass:/Script/Engine.Actor Name:BP_breakableWall_C_UAID_106FD9A61A0E9CAC02_1723775587 Label:BP_breakableWall3 SpatiallyLoaded:1 Bounds:IsValid=true, Min=(X=900.000 Y=2000.000 Z=0.000), Max=(X=1000.000 Y=2100.000 Z=100.000) RuntimeGrid:None EditorOnly:0 RuntimeOnly:0 HLODRelevant:0 ListedInSceneOutliner:1 IsMainWorldOnly:0
 |   |   |- Guid:321CD71C469A3845D6BA47AC19F47309 BaseClass: NativeClass:/Script/Engine.DirectionalLight Name:DirectionalLight_0 Label:DirectionalLight SpatiallyLoaded:0 Bounds:IsValid=true, Min=(X=-4398046511104.000 Y=-4398046511104.000 Z=-4398046511104.000), Max=(X=4398046511104.000 Y=4398046511104.000 Z=4398046511104.000) RuntimeGrid:None EditorOnly:0 RuntimeOnly:0 HLODRelevant:0 ListedInSceneOutliner:1 IsMainWorldOnly:0 FolderPath:Lighting FolderGuid:963EC3EB4002CCE9759E2EBA541A873A
 |   |   |- Guid:364A4C004FC747E3F6F7C79D1C722E48 BaseClass:/Game/Spiral_Seashell/BP_wall.BP_wall_C NativeClass:/Script/Engine.Actor Name:wall_C_UAID_106FD9A61A0E7CAC02_1421826952 Label:wall6 SpatiallyLoaded:1 Bounds:IsValid=true, Min=(X=400.000 Y=1300.000 Z=0.000), Max=(X=500.000 Y=1400.000 Z=100.000) RuntimeGrid:None EditorOnly:0 RuntimeOnly:0 HLODRelevant:0 ListedInSceneOutliner:1 IsMainWorldOnly:0
 |   |   |- Guid:3A6822294A4BB97CD4A74F8440156F5C BaseClass:/Game/Spiral_Seashell/BP_wall.BP_wall_C NativeClass:/Script/Engine.Actor Name:wall_C_UAID_106FD9A61A0E97AC02_1998031710 Label:wall10 SpatiallyLoaded:1 Bounds:IsValid=true, Min=(X=100.000 Y=1400.000 Z=0.000), Max=(X=200.000 Y=1500.000 Z=100.000) RuntimeGrid:None EditorOnly:0 RuntimeOnly:0 HLODRelevant:0 ListedInSceneOutliner:1 IsMainWorldOnly:0
 |   |   |- Guid:3A7188654869715E43A90398E779D57E BaseClass: NativeClass:/Script/Engine.StaticMeshActor Name:StaticMeshActor_32 Label:SM_QuarterCylinder11 SpatiallyLoaded:1 Bounds:IsValid=true, Min=(X=2200.000 Y=700.000 Z=-0.000), Max=(X=2400.000 Y=900.000 Z=100.000) RuntimeGrid:None EditorOnly:0 RuntimeOnly:0 HLODRelevant:1 ListedInSceneOutliner:1 IsMainWorldOnly:0 FolderPath:Cylinder FolderGuid:D075E5BA49330D3EC2503D81A7CF88D1
 |   |   |- Guid:3EEF5936424C722FDB050ABA642CCC8F BaseClass: NativeClass:/Script/Engine.StaticMeshActor Name:StaticMeshActor_14 Label:SM_Ramp3 SpatiallyLoaded:1 Bounds:IsValid=true, Min=(X=1800.000 Y=1700.000 Z=100.000), Max=(X=2000.000 Y=2100.000 Z=200.000) RuntimeGrid:None EditorOnly:0 RuntimeOnly:0 HLODRelevant:1 ListedInSceneOutliner:1 IsMainWorldOnly:0 FolderPath:Block01 FolderGuid:7D23E5AE4C2A421F86AF6986D87E6D05
 |   |   |- Guid:3FECDDC54DDD6A47F433648D8C7C9050 BaseClass: NativeClass:/Script/Engine.WorldDataLayers Name:WorldDataLayers Label:WorldDataLayers SpatiallyLoaded:0 Bounds:Invalid RuntimeGrid:None EditorOnly:0 RuntimeOnly:0 HLODRelevant:0 ListedInSceneOutliner:1 IsMainWorldOnly:1
 |   |   |- Guid:419FD2AB458D7D1012C2458C3C84C346 BaseClass:/Game/Spiral_Seashell/BP_wall.BP_wall_C NativeClass:/Script/Engine.Actor Name:wall_C_UAID_106FD9A61A0E9EAC02_1817865942 Label:wall13 SpatiallyLoaded:1 Bounds:IsValid=true, Min=(X=-2050.000 Y=-1150.000 Z=-100.000), Max=(X=2950.000 Y=3850.000 Z=0.000) RuntimeGrid:None EditorOnly:0 RuntimeOnly:0 HLODRelevant:0 ListedInSceneOutliner:1 IsMainWorldOnly:0
 |   |   |- Guid:435AA5BE4BA061ECA4F68ABEA111A4C0 BaseClass: NativeClass:/Script/Engine.StaticMeshActor Name:StaticMeshActor_10 Label:SM_ChamferCube2 SpatiallyLoaded:1 Bounds:IsValid=true, Min=(X=992.077 Y=2692.077 Z=0.013), Max=(X=1107.923 Y=2807.923 Z=100.013) RuntimeGrid:None EditorOnly:0 RuntimeOnly:0 HLODRelevant:0 ListedInSceneOutliner:1 IsMainWorldOnly:0
 |   |   |- Guid:4761E7CF4D04CA15A2E4FAB488FA2903 BaseClass: NativeClass:/Script/Engine.StaticMeshActor Name:StaticMeshActor_33 Label:SM_QuarterCylinder12 SpatiallyLoaded:1 Bounds:IsValid=true, Min=(X=2000.000 Y=700.000 Z=0.000), Max=(X=2200.000 Y=900.000 Z=100.000) RuntimeGrid:None EditorOnly:0 RuntimeOnly:0 HLODRelevant:1 ListedInSceneOutliner:1 IsMainWorldOnly:0 FolderPath:Cylinder FolderGuid:D075E5BA49330D3EC2503D81A7CF88D1
 |   |   |- Guid:5AAB85F34073AED91E9A9D89006FEC47 BaseClass: NativeClass:/Script/Engine.StaticMeshActor Name:StaticMeshActor_23 Label:SM_QuarterCylinder5 SpatiallyLoaded:1 Bounds:IsValid=true, Min=(X=300.000 Y=2800.000 Z=0.000), Max=(X=400.000 Y=2900.000 Z=200.000) RuntimeGrid:None EditorOnly:0 RuntimeOnly:0 HLODRelevant:1 ListedInSceneOutliner:1 IsMainWorldOnly:0 FolderPath:Block03 FolderGuid:7B7009C345D3D6DD94D3429E1D79C034
 |   |   |- Guid:5AB855634798912F13C89EBCAA9C35A0 BaseClass:/Game/Spiral_Seashell/BP_portal.BP_portal_C NativeClass:/Script/Engine.Actor Name:BP_portal_C_UAID_106FD9A61A0E97AC02_1895698707 Label:BP_portal SpatiallyLoaded:1 Bounds:IsValid=true, Min=(X=490.000 Y=1100.000 Z=0.000), Max=(X=590.000 Y=1200.000 Z=100.000) RuntimeGrid:None EditorOnly:0 RuntimeOnly:0 HLODRelevant:0 ListedInSceneOutliner:1 IsMainWorldOnly:0
 |   |   |- Guid:5B8A3A4C499D14FD092D059580A995ED BaseClass: NativeClass:/Script/Engine.StaticMeshActor Name:StaticMeshActor_20 Label:SM_Cube12 SpatiallyLoaded:1 Bounds:IsValid=true, Min=(X=2500.000 Y=2700.000 Z=0.000), Max=(X=2600.000 Y=2800.000 Z=200.000) RuntimeGrid:None EditorOnly:0 RuntimeOnly:0 HLODRelevant:1 ListedInSceneOutliner:1 IsMainWorldOnly:0 FolderPath:Block02 FolderGuid:EBA23F8248252949750E43911A3A1CDD
 |   |   |- Guid:6A457D2146A13502E571B999DAC161E2 BaseClass: NativeClass:/Script/Engine.StaticMeshActor Name:StaticMeshActor_12 Label:SM_Cube8 SpatiallyLoaded:1 Bounds:IsValid=true, Min=(X=1300.000 Y=2600.000 Z=0.000), Max=(X=2500.000 Y=2900.000 Z=200.000) RuntimeGrid:None EditorOnly:0 RuntimeOnly:0 HLODRelevant:1 ListedInSceneOutliner:1 IsMainWorldOnly:0 FolderPath:Block02 FolderGuid:EBA23F8248252949750E43911A3A1CDD
 |   |   |- Guid:6DD47EF84216C8CE336FCA8F7FE8CDD6 BaseClass:/Game/Spiral_Seashell/BP_wall.BP_wall_C NativeClass:/Script/Engine.Actor Name:wall_C_UAID_106FD9A61A0E7AAC02_1836750603 Label:wall4 SpatiallyLoaded:1 Bounds:IsValid=true, Min=(X=500.000 Y=1000.000 Z=0.000), Max=(X=600.000 Y=1100.000 Z=100.000) RuntimeGrid:None EditorOnly:0 RuntimeOnly:0 HLODRelevant:0 ListedInSceneOutliner:1 IsMainWorldOnly:0
 |   |   |- Guid:750CE37E4E86F187821614832875EAEC BaseClass: NativeClass:/Script/Engine.StaticMeshActor Name:StaticMeshActor_0 Label:SM_Cube5 SpatiallyLoaded:1 Bounds:IsValid=true, Min=(X=-0.000 Y=100.000 Z=0.000), Max=(X=100.000 Y=3400.000 Z=400.000) RuntimeGrid:None EditorOnly:0 RuntimeOnly:0 HLODRelevant:1 ListedInSceneOutliner:1 IsMainWorldOnly:0 FolderPath:Playground FolderGuid:C73F09FC4215536B1DCE2A9E0A830C70
 |   |   |- Guid:7935C38C431BD1067C32C4B638926627 BaseClass: NativeClass:/Script/Engine.StaticMeshActor Name:StaticMeshActor_UAID_A4AE111137DC5EFB00_1110535423 Label:SM_SkySphere SpatiallyLoaded:0 Bounds:IsValid=true, Min=(X=-1638400.000 Y=-1638400.000 Z=-1638400.000), Max=(X=1638400.000 Y=1638400.000 Z=1638400.000) RuntimeGrid:None EditorOnly:0 RuntimeOnly:0 HLODRelevant:1 ListedInSceneOutliner:1 IsMainWorldOnly:0 FolderPath:Lighting FolderGuid:963EC3EB4002CCE9759E2EBA541A873A
 |   |   |- Guid:854CC8E94A6BCF8ACCD61A9733F30B79 BaseClass:/Game/Spiral_Seashell/BP_airbubble.BP_airbubble_C NativeClass:/Script/Engine.Actor Name:BP_airbubble_C_UAID_106FD9A61A0E94AC02_2100287175 Label:BP_airbubble SpatiallyLoaded:1 Bounds:IsValid=true, Min=(X=500.000 Y=1600.000 Z=0.000), Max=(X=600.000 Y=1700.000 Z=100.000) RuntimeGrid:None EditorOnly:0 RuntimeOnly:0 HLODRelevant:0 ListedInSceneOutliner:1 IsMainWorldOnly:0
 |   |   |- Guid:8565355A47A927C61E54088349250D9E BaseClass: NativeClass:/Script/Engine.CameraActor Name:CameraActor_UAID_106FD9A61A0E7AAC02_1777086599 Label:CameraActor SpatiallyLoaded:1 Bounds:IsValid=true, Min=(X=850.000 Y=1130.000 Z=1680.000), Max=(X=850.000 Y=1130.000 Z=1680.000) RuntimeGrid:None EditorOnly:0 RuntimeOnly:0 HLODRelevant:0 ListedInSceneOutliner:1 IsMainWorldOnly:0
 |   |   |- Guid:95EC8E03451C4617240396900E18791C BaseClass:/Game/Spiral_Seashell/BP_wall.BP_wall_C NativeClass:/Script/Engine.Actor Name:wall_C_UAID_106FD9A61A0E9DAC02_1424960764 Label:wall12 SpatiallyLoaded:1 Bounds:IsValid=true, Min=(X=100.000 Y=1400.000 Z=100.000), Max=(X=200.000 Y=1500.000 Z=200.000) RuntimeGrid:None EditorOnly:0 RuntimeOnly:0 HLODRelevant:0 ListedInSceneOutliner:1 IsMainWorldOnly:0
 |   |   |- Guid:A97C87934953E5B8C018AB9450013623 BaseClass: NativeClass:/Script/Engine.VolumetricCloud Name:VolumetricCloud_0 Label:VolumetricCloud SpatiallyLoaded:0 Bounds:IsValid=true, Min=(X=0.000 Y=0.000 Z=820.000), Max=(X=0.000 Y=0.000 Z=820.000) RuntimeGrid:None EditorOnly:0 RuntimeOnly:0 HLODRelevant:0 ListedInSceneOutliner:1 IsMainWorldOnly:0 FolderPath:Lighting FolderGuid:963EC3EB4002CCE9759E2EBA541A873A
 |   |   |- Guid:ADF3DAC245AD483480E655BC5FF33901 BaseClass: NativeClass:/Script/Engine.StaticMeshActor Name:StaticMeshActor_15 Label:SM_Cube10 SpatiallyLoaded:1 Bounds:IsValid=true, Min=(X=1800.000 Y=2100.000 Z=100.000), Max=(X=2000.000 Y=2200.000 Z=200.000) RuntimeGrid:None EditorOnly:0 RuntimeOnly:0 HLODRelevant:1 ListedInSceneOutliner:1 IsMainWorldOnly:0 FolderPath:Block01 FolderGuid:7D23E5AE4C2A421F86AF6986D87E6D05
 |   |   |- Guid:AEC62E944A55009DB7807780D5AB845F BaseClass:/Game/Spiral_Seashell/BP_wall.BP_wall_C NativeClass:/Script/Engine.Actor Name:wall_C_UAID_106FD9A61A0E95AC02_1690815354 Label:wall9 SpatiallyLoaded:1 Bounds:IsValid=true, Min=(X=1000.000 Y=2000.000 Z=0.000), Max=(X=1100.000 Y=2100.000 Z=100.000) RuntimeGrid:None EditorOnly:0 RuntimeOnly:0 HLODRelevant:0 ListedInSceneOutliner:1 IsMainWorldOnly:0
 |   |   |- Guid:B578844D46D676AB3B0A6CAFA284D447 BaseClass: NativeClass:/Script/Engine.StaticMeshActor Name:StaticMeshActor_4 Label:SM_Cube6 SpatiallyLoaded:1 Bounds:IsValid=true, Min=(X=2900.000 Y=100.000 Z=0.000), Max=(X=3000.000 Y=3400.000 Z=400.000) RuntimeGrid:None EditorOnly:0 RuntimeOnly:0 HLODRelevant:1 ListedInSceneOutliner:1 IsMainWorldOnly:0 FolderPath:Playground FolderGuid:C73F09FC4215536B1DCE2A9E0A830C70
 |   |   |- Guid:BA658351495B7F68019E49BE91A43CC0 BaseClass: NativeClass:/Script/Engine.StaticMeshActor Name:StaticMeshActor_3 Label:SM_Ramp SpatiallyLoaded:1 Bounds:IsValid=true, Min=(X=1300.000 Y=600.000 Z=0.000), Max=(X=1700.000 Y=800.000 Z=30.000) RuntimeGrid:None EditorOnly:0 RuntimeOnly:0 HLODRelevant:1 ListedInSceneOutliner:1 IsMainWorldOnly:0
 |   |   |- Guid:C2B942EB431473C8B0A446A17A7701DB BaseClass:/Game/Spiral_Seashell/BP_breakableWall.BP_breakableWall_C NativeClass:/Script/Engine.Actor Name:BP_breakableWall_C_UAID_106FD9A61A0E97AC02_1990427709 Label:BP_breakableWall2 SpatiallyLoaded:1 Bounds:IsValid=true, Min=(X=200.000 Y=1400.000 Z=0.000), Max=(X=300.000 Y=1500.000 Z=100.000) RuntimeGrid:None EditorOnly:0 RuntimeOnly:0 HLODRelevant:0 ListedInSceneOutliner:1 IsMainWorldOnly:0
 |   |   |- Guid:C4DA67C04D3B4CC36B0F5DB951236D9C BaseClass:/Game/Spiral_Seashell/BP_portal.BP_portal_C NativeClass:/Script/Engine.Actor Name:BP_portal_C_UAID_106FD9A61A0E97AC02_1905676708 Label:BP_portal2 SpatiallyLoaded:1 Bounds:IsValid=true, Min=(X=390.000 Y=1590.000 Z=0.000), Max=(X=490.000 Y=1690.000 Z=100.000) RuntimeGrid:None EditorOnly:0 RuntimeOnly:0 HLODRelevant:0 ListedInSceneOutliner:1 IsMainWorldOnly:0
 |   |   |- Guid:C5B3E4424CBD00AEFA3472B031B3F4ED BaseClass:/Game/Spiral_Seashell/BP_wall.BP_wall_C NativeClass:/Script/Engine.Actor Name:wall_C_UAID_106FD9A61A0E7CAC02_1412797951 Label:wall5 SpatiallyLoaded:1 Bounds:IsValid=true, Min=(X=1500.000 Y=1300.000 Z=0.000), Max=(X=1600.000 Y=1400.000 Z=100.000) RuntimeGrid:None EditorOnly:0 RuntimeOnly:0 HLODRelevant:0 ListedInSceneOutliner:1 IsMainWorldOnly:0
 |   |   |- Guid:C743499F4037B0CDEBCD83A73C2B3294 BaseClass: NativeClass:/Script/Engine.TextRenderActor Name:TextRenderActor_1 Label:TextRenderActor SpatiallyLoaded:1 Bounds:IsValid=true, Min=(X=-0.100 Y=1100.000 Z=65.013), Max=(X=-0.100 Y=2392.308 Z=215.013) RuntimeGrid:None EditorOnly:0 RuntimeOnly:0 HLODRelevant:0 ListedInSceneOutliner:1 IsMainWorldOnly:0
 |   |   |- Guid:C820CCF54120DB68EA342FBBCABEA9D9 BaseClass:/Game/Spiral_Seashell/BP_wall.BP_wall_C NativeClass:/Script/Engine.Actor Name:wall_C_UAID_106FD9A61A0E93AC02_1729797001 Label:wall8 SpatiallyLoaded:1 Bounds:IsValid=true, Min=(X=400.000 Y=2100.000 Z=0.000), Max=(X=500.000 Y=2200.000 Z=100.000) RuntimeGrid:None EditorOnly:0 RuntimeOnly:0 HLODRelevant:0 ListedInSceneOutliner:1 IsMainWorldOnly:0
 |   |   |- Guid:C889309C45D198CFFB4ABDB9099EDD60 BaseClass: NativeClass:/Script/Engine.StaticMeshActor Name:StaticMeshActor_19 Label:SM_QuarterCylinder2 SpatiallyLoaded:1 Bounds:IsValid=true, Min=(X=2500.000 Y=2600.000 Z=0.000), Max=(X=2600.000 Y=2700.000 Z=200.000) RuntimeGrid:None EditorOnly:0 RuntimeOnly:0 HLODRelevant:1 ListedInSceneOutliner:1 IsMainWorldOnly:0 FolderPath:Block02 FolderGuid:EBA23F8248252949750E43911A3A1CDD
 |   |   |- Guid:CABF17B14EB0508821FB0386F7250979 BaseClass:/Game/Spiral_Seashell/BP_wall.BP_wall_C NativeClass:/Script/Engine.Actor Name:wall_C_UAID_106FD9A61A0E99AC02_1313244055 Label:wall11 SpatiallyLoaded:1 Bounds:IsValid=true, Min=(X=400.000 Y=1400.000 Z=380.000), Max=(X=500.000 Y=1500.000 Z=480.000) RuntimeGrid:None EditorOnly:0 RuntimeOnly:0 HLODRelevant:0 ListedInSceneOutliner:1 IsMainWorldOnly:0
 |   |   |- Guid:D06F100F4B37417B1C9CDEA9F75047DC BaseClass: NativeClass:/Script/Engine.StaticMeshActor Name:StaticMeshActor_7 Label:SM_Cube7 SpatiallyLoaded:1 Bounds:IsValid=true, Min=(X=1300.000 Y=2200.000 Z=0.000), Max=(X=1500.000 Y=2300.000 Z=200.000) RuntimeGrid:None EditorOnly:0 RuntimeOnly:0 HLODRelevant:1 ListedInSceneOutliner:1 IsMainWorldOnly:0 FolderPath:Block01 FolderGuid:7D23E5AE4C2A421F86AF6986D87E6D05
 |   |   |- Guid:D0B561814A93F09711CF05B02B9F9455 BaseClass:/Game/Spiral_Seashell/BP_wall.BP_wall_C NativeClass:/Script/Engine.Actor Name:wall_C_UAID_106FD9A61A0E79AC02_1953199427 Label:wall4 SpatiallyLoaded:1 Bounds:IsValid=true, Min=(X=900.000 Y=1400.000 Z=0.000), Max=(X=1000.000 Y=1500.000 Z=100.000) RuntimeGrid:None EditorOnly:0 RuntimeOnly:0 HLODRelevant:0 ListedInSceneOutliner:1 IsMainWorldOnly:0
 |   |   |- Guid:DAC9B614427E56C2532026A2C081177C BaseClass:/Game/Spiral_Seashell/BP_breakableWall.BP_breakableWall_C NativeClass:/Script/Engine.Actor Name:BP_breakableWall_C_UAID_106FD9A61A0E95AC02_1677803353 Label:BP_breakableWall SpatiallyLoaded:1 Bounds:IsValid=true, Min=(X=700.000 Y=2000.000 Z=0.000), Max=(X=800.000 Y=2100.000 Z=100.000) RuntimeGrid:None EditorOnly:0 RuntimeOnly:0 HLODRelevant:0 ListedInSceneOutliner:1 IsMainWorldOnly:0
 |   |   |- Guid:DF58D6E945EE7E4D59B5E8AEA0AE8506 BaseClass: NativeClass:/Script/Engine.SkyAtmosphere Name:SkyAtmosphere_0 Label:SkyAtmosphere SpatiallyLoaded:0 Bounds:IsValid=true, Min=(X=0.000 Y=0.000 Z=1020.000), Max=(X=0.000 Y=0.000 Z=1020.000) RuntimeGrid:None EditorOnly:0 RuntimeOnly:0 HLODRelevant:0 ListedInSceneOutliner:1 IsMainWorldOnly:0 FolderPath:Lighting FolderGuid:963EC3EB4002CCE9759E2EBA541A873A
 |   |   |- Guid:E161AE5C43A47649BDFE11BCF0C91BA7 BaseClass: NativeClass:/Script/Engine.PostProcessVolume Name:PostProcessVolume_0 Label:PostProcessVolume SpatiallyLoaded:0 Bounds:IsValid=true, Min=(X=0.000 Y=0.000 Z=400.000), Max=(X=200.000 Y=200.000 Z=600.000) RuntimeGrid:None EditorOnly:0 RuntimeOnly:0 HLODRelevant:0 ListedInSceneOutliner:1 IsMainWorldOnly:0 FolderPath:Lighting FolderGuid:963EC3EB4002CCE9759E2EBA541A873A
 |   |   |- Guid:E7DFA2D84F35C0D866CDECAE7453A11E BaseClass: NativeClass:/Script/Engine.StaticMeshActor Name:StaticMeshActor_25 Label:SM_QuarterCylinder6 SpatiallyLoaded:1 Bounds:IsValid=true, Min=(X=1200.000 Y=2200.000 Z=0.000), Max=(X=1300.000 Y=2300.000 Z=200.000) RuntimeGrid:None EditorOnly:0 RuntimeOnly:0 HLODRelevant:1 ListedInSceneOutliner:1 IsMainWorldOnly:0 FolderPath:Block01 FolderGuid:7D23E5AE4C2A421F86AF6986D87E6D05
 |   |   |- Guid:EC451D3C44B1ACE50F1E38B40A2D7010 BaseClass: NativeClass:/Script/Engine.StaticMeshActor Name:StaticMeshActor_8 Label:SM_Cube4 SpatiallyLoaded:1 Bounds:IsValid=true, Min=(X=1200.000 Y=1700.000 Z=0.000), Max=(X=1800.000 Y=2200.000 Z=200.000) RuntimeGrid:None EditorOnly:0 RuntimeOnly:0 HLODRelevant:1 ListedInSceneOutliner:1 IsMainWorldOnly:0 FolderPath:Block01 FolderGuid:7D23E5AE4C2A421F86AF6986D87E6D05
 |   |   |- Guid:ED5F700941B36DA500A172A78927A8D5 BaseClass: NativeClass:/Script/Engine.SkyLight Name:SkyLight_1 Label:SkyLight SpatiallyLoaded:0 Bounds:IsValid=true, Min=(X=0.000 Y=0.000 Z=690.000), Max=(X=0.000 Y=0.000 Z=690.000) RuntimeGrid:None EditorOnly:0 RuntimeOnly:0 HLODRelevant:0 ListedInSceneOutliner:1 IsMainWorldOnly:0 FolderPath:Lighting FolderGuid:963EC3EB4002CCE9759E2EBA541A873A
 |   |   |- Guid:F1A454AE4C08FF6B6208D782DE4576C1 BaseClass: NativeClass:/Script/Engine.PlayerStart Name:PlayerStart_0 Label:PlayerStart SpatiallyLoaded:0 Bounds:IsValid=true, Min=(X=920.000 Y=1010.000 Z=20.013), Max=(X=1000.000 Y=1090.000 Z=204.013) RuntimeGrid:None EditorOnly:0 RuntimeOnly:0 HLODRelevant:0 ListedInSceneOutliner:1 IsMainWorldOnly:0
 |   |   |- Guid:F4ADDC6C4088FC1C0D1505A059CA1F1B BaseClass: NativeClass:/Script/Engine.StaticMeshActor Name:StaticMeshActor_21 Label:SM_QuarterCylinder3 SpatiallyLoaded:1 Bounds:IsValid=true, Min=(X=1500.000 Y=2200.000 Z=0.000), Max=(X=1600.000 Y=2300.000 Z=200.000) RuntimeGrid:None EditorOnly:0 RuntimeOnly:0 HLODRelevant:1 ListedInSceneOutliner:1 IsMainWorldOnly:0 FolderPath:Block01 FolderGuid:7D23E5AE4C2A421F86AF6986D87E6D05
 |   |   |- Guid:F6C4AB914A30EA36DCEEABBB64D3C827 BaseClass: NativeClass:/Script/Engine.StaticMeshActor Name:StaticMeshActor_18 Label:SM_QuarterCylinder SpatiallyLoaded:1 Bounds:IsValid=true, Min=(X=2500.000 Y=2800.000 Z=0.000), Max=(X=2600.000 Y=2900.000 Z=200.000) RuntimeGrid:None EditorOnly:0 RuntimeOnly:0 HLODRelevant:1 ListedInSceneOutliner:1 IsMainWorldOnly:0 FolderPath:Block02 FolderGuid:EBA23F8248252949750E43911A3A1CDD
 |   |   |- Guid:F701D4644EB58C83166A4D97CD849D66 BaseClass: NativeClass:/Script/Engine.StaticMeshActor Name:StaticMeshActor_35 Label:SM_QuarterCylinder14 SpatiallyLoaded:1 Bounds:IsValid=true, Min=(X=2200.000 Y=500.000 Z=0.000), Max=(X=2400.000 Y=700.000 Z=100.000) RuntimeGrid:None EditorOnly:0 RuntimeOnly:0 HLODRelevant:1 ListedInSceneOutliner:1 IsMainWorldOnly:0 FolderPath:Cylinder FolderGuid:D075E5BA49330D3EC2503D81A7CF88D1
 |   |   |- Guid:FCBC3BE3414FCAFC8E80D9AF92C122A8 BaseClass: NativeClass:/Script/Engine.ExponentialHeightFog Name:ExponentialHeightFog_0 Label:ExponentialHeightFog SpatiallyLoaded:0 Bounds:IsValid=true, Min=(X=-5600.000 Y=-50.000 Z=-6850.000), Max=(X=-5600.000 Y=-50.000 Z=-6850.000) RuntimeGrid:None EditorOnly:0 RuntimeOnly:0 HLODRelevant:0 ListedInSceneOutliner:1 IsMainWorldOnly:0 FolderPath:Lighting FolderGuid:963EC3EB4002CCE9759E2EBA541A873A
 |   |- [+] Clusters:
 |   |   |- [+] [  0]
 |   |   |   |- Guid:094B4B644DFF4AFA0710459C55D9155C BaseClass: NativeClass:/Script/Engine.StaticMeshActor Name:StaticMeshActor_24 Label:SM_Cube13 SpatiallyLoaded:1 Bounds:IsValid=true, Min=(X=300.000 Y=2700.000 Z=0.000), Max=(X=400.000 Y=2800.000 Z=200.000) RuntimeGrid:None EditorOnly:0 RuntimeOnly:0 HLODRelevant:1 ListedInSceneOutliner:1 IsMainWorldOnly:0 FolderPath:Block03 FolderGuid:7B7009C345D3D6DD94D3429E1D79C034
 |   |   |- [+] [  1]
 |   |   |   |- Guid:0F5FA9D94CF60059809A7C82768A27B1 BaseClass:/Game/Spiral_Seashell/BP_wall.BP_wall_C NativeClass:/Script/Engine.Actor Name:wall_C_UAID_106FD9A61A0E7AAC02_1826483600 Label:wall SpatiallyLoaded:1 Bounds:IsValid=true, Min=(X=1500.000 Y=1000.000 Z=0.000), Max=(X=1600.000 Y=1100.000 Z=100.000) RuntimeGrid:None EditorOnly:0 RuntimeOnly:0 HLODRelevant:0 ListedInSceneOutliner:1 IsMainWorldOnly:0
 |   |   |- [+] [  2]
 |   |   |   |- Guid:1D4EC86549937C98D878F7A78E472F1A BaseClass: NativeClass:/Script/Engine.StaticMeshActor Name:StaticMeshActor_5 Label:SM_Cube2 SpatiallyLoaded:1 Bounds:IsValid=true, Min=(X=0.000 Y=0.000 Z=0.000), Max=(X=3000.000 Y=100.000 Z=400.000) RuntimeGrid:None EditorOnly:0 RuntimeOnly:0 HLODRelevant:1 ListedInSceneOutliner:1 IsMainWorldOnly:0 FolderPath:Playground FolderGuid:C73F09FC4215536B1DCE2A9E0A830C70
 |   |   |- [+] [  3]
 |   |   |   |- Guid:1DB3D84F4520D5643E1A5DBC792EF09C BaseClass:/Game/Spiral_Seashell/BP_wall.BP_wall_C NativeClass:/Script/Engine.Actor Name:wall_C_UAID_106FD9A61A0E84AC02_1573869361 Label:wall7 SpatiallyLoaded:1 Bounds:IsValid=true, Min=(X=500.000 Y=2100.000 Z=0.000), Max=(X=600.000 Y=2200.000 Z=100.000) RuntimeGrid:None EditorOnly:0 RuntimeOnly:0 HLODRelevant:0 ListedInSceneOutliner:1 IsMainWorldOnly:0
 |   |   |- [+] [  4]
 |   |   |   |- Guid:20329E7941585E24B7A6D79D425D9302 BaseClass: NativeClass:/Script/Engine.StaticMeshActor Name:StaticMeshActor_16 Label:SM_Cube11 SpatiallyLoaded:1 Bounds:IsValid=true, Min=(X=400.000 Y=2600.000 Z=0.000), Max=(X=700.000 Y=2900.000 Z=200.000) RuntimeGrid:None EditorOnly:0 RuntimeOnly:0 HLODRelevant:1 ListedInSceneOutliner:1 IsMainWorldOnly:0 FolderPath:Block03 FolderGuid:7B7009C345D3D6DD94D3429E1D79C034
 |   |   |- [+] [  5]
 |   |   |   |- Guid:22A41D5941EF9BCD6EEE71A28087C39B BaseClass:/Game/Spiral_Seashell/BP_wall.BP_wall_C NativeClass:/Script/Engine.Actor Name:wall_C_UAID_106FD9A61A0E7AAC02_1829565601 Label:wall2 SpatiallyLoaded:1 Bounds:IsValid=true, Min=(X=900.000 Y=600.000 Z=0.000), Max=(X=1000.000 Y=700.000 Z=100.000) RuntimeGrid:None EditorOnly:0 RuntimeOnly:0 HLODRelevant:0 ListedInSceneOutliner:1 IsMainWorldOnly:0
 |   |   |- [+] [  6]
 |   |   |   |- Guid:2AAFBE1A4D2F0A07B77D5B9AC9358CD9 BaseClass: NativeClass:/Script/Engine.StaticMeshActor Name:StaticMeshActor_22 Label:SM_QuarterCylinder4 SpatiallyLoaded:1 Bounds:IsValid=true, Min=(X=300.000 Y=2600.000 Z=0.000), Max=(X=400.000 Y=2700.000 Z=200.000) RuntimeGrid:None EditorOnly:0 RuntimeOnly:0 HLODRelevant:1 ListedInSceneOutliner:1 IsMainWorldOnly:0 FolderPath:Block03 FolderGuid:7B7009C345D3D6DD94D3429E1D79C034
 |   |   |- [+] [  7]
 |   |   |   |- Guid:2C5735A84F8467FB2D4A0CAF8B2DB4EA BaseClass: NativeClass:/Script/Engine.StaticMeshActor Name:StaticMeshActor_6 Label:SM_Cube3 SpatiallyLoaded:1 Bounds:IsValid=true, Min=(X=0.000 Y=3400.000 Z=0.000), Max=(X=3000.000 Y=3500.000 Z=400.000) RuntimeGrid:None EditorOnly:0 RuntimeOnly:0 HLODRelevant:1 ListedInSceneOutliner:1 IsMainWorldOnly:0 FolderPath:Playground FolderGuid:C73F09FC4215536B1DCE2A9E0A830C70
 |   |   |- [+] [  8]
 |   |   |   |- Guid:2F4D880C4BEC73699BAF828AD56AC4AE BaseClass: NativeClass:/Script/Engine.StaticMeshActor Name:StaticMeshActor_34 Label:SM_QuarterCylinder13 SpatiallyLoaded:1 Bounds:IsValid=true, Min=(X=2000.000 Y=500.000 Z=0.000), Max=(X=2200.000 Y=700.000 Z=100.000) RuntimeGrid:None EditorOnly:0 RuntimeOnly:0 HLODRelevant:1 ListedInSceneOutliner:1 IsMainWorldOnly:0 FolderPath:Cylinder FolderGuid:D075E5BA49330D3EC2503D81A7CF88D1
 |   |   |- [+] [  9]
 |   |   |   |- Guid:30FCC92E447BE0CEDE12D98F6ED6FC9E BaseClass:/Game/Spiral_Seashell/BP_breakableWall.BP_breakableWall_C NativeClass:/Script/Engine.Actor Name:BP_breakableWall_C_UAID_106FD9A61A0E9CAC02_1723775587 Label:BP_breakableWall3 SpatiallyLoaded:1 Bounds:IsValid=true, Min=(X=900.000 Y=2000.000 Z=0.000), Max=(X=1000.000 Y=2100.000 Z=100.000) RuntimeGrid:None EditorOnly:0 RuntimeOnly:0 HLODRelevant:0 ListedInSceneOutliner:1 IsMainWorldOnly:0
 |   |   |- [+] [ 10]
 |   |   |   |- Guid:321CD71C469A3845D6BA47AC19F47309 BaseClass: NativeClass:/Script/Engine.DirectionalLight Name:DirectionalLight_0 Label:DirectionalLight SpatiallyLoaded:0 Bounds:IsValid=true, Min=(X=-4398046511104.000 Y=-4398046511104.000 Z=-4398046511104.000), Max=(X=4398046511104.000 Y=4398046511104.000 Z=4398046511104.000) RuntimeGrid:None EditorOnly:0 RuntimeOnly:0 HLODRelevant:0 ListedInSceneOutliner:1 IsMainWorldOnly:0 FolderPath:Lighting FolderGuid:963EC3EB4002CCE9759E2EBA541A873A
 |   |   |- [+] [ 11]
 |   |   |   |- Guid:364A4C004FC747E3F6F7C79D1C722E48 BaseClass:/Game/Spiral_Seashell/BP_wall.BP_wall_C NativeClass:/Script/Engine.Actor Name:wall_C_UAID_106FD9A61A0E7CAC02_1421826952 Label:wall6 SpatiallyLoaded:1 Bounds:IsValid=true, Min=(X=400.000 Y=1300.000 Z=0.000), Max=(X=500.000 Y=1400.000 Z=100.000) RuntimeGrid:None EditorOnly:0 RuntimeOnly:0 HLODRelevant:0 ListedInSceneOutliner:1 IsMainWorldOnly:0
 |   |   |- [+] [ 12]
 |   |   |   |- Guid:3A6822294A4BB97CD4A74F8440156F5C BaseClass:/Game/Spiral_Seashell/BP_wall.BP_wall_C NativeClass:/Script/Engine.Actor Name:wall_C_UAID_106FD9A61A0E97AC02_1998031710 Label:wall10 SpatiallyLoaded:1 Bounds:IsValid=true, Min=(X=100.000 Y=1400.000 Z=0.000), Max=(X=200.000 Y=1500.000 Z=100.000) RuntimeGrid:None EditorOnly:0 RuntimeOnly:0 HLODRelevant:0 ListedInSceneOutliner:1 IsMainWorldOnly:0
 |   |   |- [+] [ 13]
 |   |   |   |- Guid:3A7188654869715E43A90398E779D57E BaseClass: NativeClass:/Script/Engine.StaticMeshActor Name:StaticMeshActor_32 Label:SM_QuarterCylinder11 SpatiallyLoaded:1 Bounds:IsValid=true, Min=(X=2200.000 Y=700.000 Z=-0.000), Max=(X=2400.000 Y=900.000 Z=100.000) RuntimeGrid:None EditorOnly:0 RuntimeOnly:0 HLODRelevant:1 ListedInSceneOutliner:1 IsMainWorldOnly:0 FolderPath:Cylinder FolderGuid:D075E5BA49330D3EC2503D81A7CF88D1
 |   |   |- [+] [ 14]
 |   |   |   |- Guid:3EEF5936424C722FDB050ABA642CCC8F BaseClass: NativeClass:/Script/Engine.StaticMeshActor Name:StaticMeshActor_14 Label:SM_Ramp3 SpatiallyLoaded:1 Bounds:IsValid=true, Min=(X=1800.000 Y=1700.000 Z=100.000), Max=(X=2000.000 Y=2100.000 Z=200.000) RuntimeGrid:None EditorOnly:0 RuntimeOnly:0 HLODRelevant:1 ListedInSceneOutliner:1 IsMainWorldOnly:0 FolderPath:Block01 FolderGuid:7D23E5AE4C2A421F86AF6986D87E6D05
 |   |   |- [+] [ 15]
 |   |   |   |- Guid:3FECDDC54DDD6A47F433648D8C7C9050 BaseClass: NativeClass:/Script/Engine.WorldDataLayers Name:WorldDataLayers Label:WorldDataLayers SpatiallyLoaded:0 Bounds:Invalid RuntimeGrid:None EditorOnly:0 RuntimeOnly:0 HLODRelevant:0 ListedInSceneOutliner:1 IsMainWorldOnly:1
 |   |   |- [+] [ 16]
 |   |   |   |- Guid:419FD2AB458D7D1012C2458C3C84C346 BaseClass:/Game/Spiral_Seashell/BP_wall.BP_wall_C NativeClass:/Script/Engine.Actor Name:wall_C_UAID_106FD9A61A0E9EAC02_1817865942 Label:wall13 SpatiallyLoaded:1 Bounds:IsValid=true, Min=(X=-2050.000 Y=-1150.000 Z=-100.000), Max=(X=2950.000 Y=3850.000 Z=0.000) RuntimeGrid:None EditorOnly:0 RuntimeOnly:0 HLODRelevant:0 ListedInSceneOutliner:1 IsMainWorldOnly:0
 |   |   |- [+] [ 17]
 |   |   |   |- Guid:435AA5BE4BA061ECA4F68ABEA111A4C0 BaseClass: NativeClass:/Script/Engine.StaticMeshActor Name:StaticMeshActor_10 Label:SM_ChamferCube2 SpatiallyLoaded:1 Bounds:IsValid=true, Min=(X=992.077 Y=2692.077 Z=0.013), Max=(X=1107.923 Y=2807.923 Z=100.013) RuntimeGrid:None EditorOnly:0 RuntimeOnly:0 HLODRelevant:0 ListedInSceneOutliner:1 IsMainWorldOnly:0
 |   |   |- [+] [ 18]
 |   |   |   |- Guid:4761E7CF4D04CA15A2E4FAB488FA2903 BaseClass: NativeClass:/Script/Engine.StaticMeshActor Name:StaticMeshActor_33 Label:SM_QuarterCylinder12 SpatiallyLoaded:1 Bounds:IsValid=true, Min=(X=2000.000 Y=700.000 Z=0.000), Max=(X=2200.000 Y=900.000 Z=100.000) RuntimeGrid:None EditorOnly:0 RuntimeOnly:0 HLODRelevant:1 ListedInSceneOutliner:1 IsMainWorldOnly:0 FolderPath:Cylinder FolderGuid:D075E5BA49330D3EC2503D81A7CF88D1
 |   |   |- [+] [ 19]
 |   |   |   |- Guid:5AAB85F34073AED91E9A9D89006FEC47 BaseClass: NativeClass:/Script/Engine.StaticMeshActor Name:StaticMeshActor_23 Label:SM_QuarterCylinder5 SpatiallyLoaded:1 Bounds:IsValid=true, Min=(X=300.000 Y=2800.000 Z=0.000), Max=(X=400.000 Y=2900.000 Z=200.000) RuntimeGrid:None EditorOnly:0 RuntimeOnly:0 HLODRelevant:1 ListedInSceneOutliner:1 IsMainWorldOnly:0 FolderPath:Block03 FolderGuid:7B7009C345D3D6DD94D3429E1D79C034
 |   |   |- [+] [ 20]
 |   |   |   |- Guid:5AB855634798912F13C89EBCAA9C35A0 BaseClass:/Game/Spiral_Seashell/BP_portal.BP_portal_C NativeClass:/Script/Engine.Actor Name:BP_portal_C_UAID_106FD9A61A0E97AC02_1895698707 Label:BP_portal SpatiallyLoaded:1 Bounds:IsValid=true, Min=(X=490.000 Y=1100.000 Z=0.000), Max=(X=590.000 Y=1200.000 Z=100.000) RuntimeGrid:None EditorOnly:0 RuntimeOnly:0 HLODRelevant:0 ListedInSceneOutliner:1 IsMainWorldOnly:0
 |   |   |- [+] [ 21]
 |   |   |   |- Guid:5B8A3A4C499D14FD092D059580A995ED BaseClass: NativeClass:/Script/Engine.StaticMeshActor Name:StaticMeshActor_20 Label:SM_Cube12 SpatiallyLoaded:1 Bounds:IsValid=true, Min=(X=2500.000 Y=2700.000 Z=0.000), Max=(X=2600.000 Y=2800.000 Z=200.000) RuntimeGrid:None EditorOnly:0 RuntimeOnly:0 HLODRelevant:1 ListedInSceneOutliner:1 IsMainWorldOnly:0 FolderPath:Block02 FolderGuid:EBA23F8248252949750E43911A3A1CDD
 |   |   |- [+] [ 22]
 |   |   |   |- Guid:6A457D2146A13502E571B999DAC161E2 BaseClass: NativeClass:/Script/Engine.StaticMeshActor Name:StaticMeshActor_12 Label:SM_Cube8 SpatiallyLoaded:1 Bounds:IsValid=true, Min=(X=1300.000 Y=2600.000 Z=0.000), Max=(X=2500.000 Y=2900.000 Z=200.000) RuntimeGrid:None EditorOnly:0 RuntimeOnly:0 HLODRelevant:1 ListedInSceneOutliner:1 IsMainWorldOnly:0 FolderPath:Block02 FolderGuid:EBA23F8248252949750E43911A3A1CDD
 |   |   |- [+] [ 23]
 |   |   |   |- Guid:6DD47EF84216C8CE336FCA8F7FE8CDD6 BaseClass:/Game/Spiral_Seashell/BP_wall.BP_wall_C NativeClass:/Script/Engine.Actor Name:wall_C_UAID_106FD9A61A0E7AAC02_1836750603 Label:wall4 SpatiallyLoaded:1 Bounds:IsValid=true, Min=(X=500.000 Y=1000.000 Z=0.000), Max=(X=600.000 Y=1100.000 Z=100.000) RuntimeGrid:None EditorOnly:0 RuntimeOnly:0 HLODRelevant:0 ListedInSceneOutliner:1 IsMainWorldOnly:0
 |   |   |- [+] [ 24]
 |   |   |   |- Guid:750CE37E4E86F187821614832875EAEC BaseClass: NativeClass:/Script/Engine.StaticMeshActor Name:StaticMeshActor_0 Label:SM_Cube5 SpatiallyLoaded:1 Bounds:IsValid=true, Min=(X=-0.000 Y=100.000 Z=0.000), Max=(X=100.000 Y=3400.000 Z=400.000) RuntimeGrid:None EditorOnly:0 RuntimeOnly:0 HLODRelevant:1 ListedInSceneOutliner:1 IsMainWorldOnly:0 FolderPath:Playground FolderGuid:C73F09FC4215536B1DCE2A9E0A830C70
 |   |   |- [+] [ 25]
 |   |   |   |- Guid:7935C38C431BD1067C32C4B638926627 BaseClass: NativeClass:/Script/Engine.StaticMeshActor Name:StaticMeshActor_UAID_A4AE111137DC5EFB00_1110535423 Label:SM_SkySphere SpatiallyLoaded:0 Bounds:IsValid=true, Min=(X=-1638400.000 Y=-1638400.000 Z=-1638400.000), Max=(X=1638400.000 Y=1638400.000 Z=1638400.000) RuntimeGrid:None EditorOnly:0 RuntimeOnly:0 HLODRelevant:1 ListedInSceneOutliner:1 IsMainWorldOnly:0 FolderPath:Lighting FolderGuid:963EC3EB4002CCE9759E2EBA541A873A
 |   |   |- [+] [ 26]
 |   |   |   |- Guid:854CC8E94A6BCF8ACCD61A9733F30B79 BaseClass:/Game/Spiral_Seashell/BP_airbubble.BP_airbubble_C NativeClass:/Script/Engine.Actor Name:BP_airbubble_C_UAID_106FD9A61A0E94AC02_2100287175 Label:BP_airbubble SpatiallyLoaded:1 Bounds:IsValid=true, Min=(X=500.000 Y=1600.000 Z=0.000), Max=(X=600.000 Y=1700.000 Z=100.000) RuntimeGrid:None EditorOnly:0 RuntimeOnly:0 HLODRelevant:0 ListedInSceneOutliner:1 IsMainWorldOnly:0
 |   |   |- [+] [ 27]
 |   |   |   |- Guid:8565355A47A927C61E54088349250D9E BaseClass: NativeClass:/Script/Engine.CameraActor Name:CameraActor_UAID_106FD9A61A0E7AAC02_1777086599 Label:CameraActor SpatiallyLoaded:1 Bounds:IsValid=true, Min=(X=850.000 Y=1130.000 Z=1680.000), Max=(X=850.000 Y=1130.000 Z=1680.000) RuntimeGrid:None EditorOnly:0 RuntimeOnly:0 HLODRelevant:0 ListedInSceneOutliner:1 IsMainWorldOnly:0
 |   |   |- [+] [ 28]
 |   |   |   |- Guid:95EC8E03451C4617240396900E18791C BaseClass:/Game/Spiral_Seashell/BP_wall.BP_wall_C NativeClass:/Script/Engine.Actor Name:wall_C_UAID_106FD9A61A0E9DAC02_1424960764 Label:wall12 SpatiallyLoaded:1 Bounds:IsValid=true, Min=(X=100.000 Y=1400.000 Z=100.000), Max=(X=200.000 Y=1500.000 Z=200.000) RuntimeGrid:None EditorOnly:0 RuntimeOnly:0 HLODRelevant:0 ListedInSceneOutliner:1 IsMainWorldOnly:0
 |   |   |- [+] [ 29]
 |   |   |   |- Guid:A97C87934953E5B8C018AB9450013623 BaseClass: NativeClass:/Script/Engine.VolumetricCloud Name:VolumetricCloud_0 Label:VolumetricCloud SpatiallyLoaded:0 Bounds:IsValid=true, Min=(X=0.000 Y=0.000 Z=820.000), Max=(X=0.000 Y=0.000 Z=820.000) RuntimeGrid:None EditorOnly:0 RuntimeOnly:0 HLODRelevant:0 ListedInSceneOutliner:1 IsMainWorldOnly:0 FolderPath:Lighting FolderGuid:963EC3EB4002CCE9759E2EBA541A873A
 |   |   |- [+] [ 30]
 |   |   |   |- Guid:ADF3DAC245AD483480E655BC5FF33901 BaseClass: NativeClass:/Script/Engine.StaticMeshActor Name:StaticMeshActor_15 Label:SM_Cube10 SpatiallyLoaded:1 Bounds:IsValid=true, Min=(X=1800.000 Y=2100.000 Z=100.000), Max=(X=2000.000 Y=2200.000 Z=200.000) RuntimeGrid:None EditorOnly:0 RuntimeOnly:0 HLODRelevant:1 ListedInSceneOutliner:1 IsMainWorldOnly:0 FolderPath:Block01 FolderGuid:7D23E5AE4C2A421F86AF6986D87E6D05
 |   |   |- [+] [ 31]
 |   |   |   |- Guid:AEC62E944A55009DB7807780D5AB845F BaseClass:/Game/Spiral_Seashell/BP_wall.BP_wall_C NativeClass:/Script/Engine.Actor Name:wall_C_UAID_106FD9A61A0E95AC02_1690815354 Label:wall9 SpatiallyLoaded:1 Bounds:IsValid=true, Min=(X=1000.000 Y=2000.000 Z=0.000), Max=(X=1100.000 Y=2100.000 Z=100.000) RuntimeGrid:None EditorOnly:0 RuntimeOnly:0 HLODRelevant:0 ListedInSceneOutliner:1 IsMainWorldOnly:0
 |   |   |- [+] [ 32]
 |   |   |   |- Guid:B578844D46D676AB3B0A6CAFA284D447 BaseClass: NativeClass:/Script/Engine.StaticMeshActor Name:StaticMeshActor_4 Label:SM_Cube6 SpatiallyLoaded:1 Bounds:IsValid=true, Min=(X=2900.000 Y=100.000 Z=0.000), Max=(X=3000.000 Y=3400.000 Z=400.000) RuntimeGrid:None EditorOnly:0 RuntimeOnly:0 HLODRelevant:1 ListedInSceneOutliner:1 IsMainWorldOnly:0 FolderPath:Playground FolderGuid:C73F09FC4215536B1DCE2A9E0A830C70
 |   |   |- [+] [ 33]
 |   |   |   |- Guid:BA658351495B7F68019E49BE91A43CC0 BaseClass: NativeClass:/Script/Engine.StaticMeshActor Name:StaticMeshActor_3 Label:SM_Ramp SpatiallyLoaded:1 Bounds:IsValid=true, Min=(X=1300.000 Y=600.000 Z=0.000), Max=(X=1700.000 Y=800.000 Z=30.000) RuntimeGrid:None EditorOnly:0 RuntimeOnly:0 HLODRelevant:1 ListedInSceneOutliner:1 IsMainWorldOnly:0
 |   |   |- [+] [ 34]
 |   |   |   |- Guid:C2B942EB431473C8B0A446A17A7701DB BaseClass:/Game/Spiral_Seashell/BP_breakableWall.BP_breakableWall_C NativeClass:/Script/Engine.Actor Name:BP_breakableWall_C_UAID_106FD9A61A0E97AC02_1990427709 Label:BP_breakableWall2 SpatiallyLoaded:1 Bounds:IsValid=true, Min=(X=200.000 Y=1400.000 Z=0.000), Max=(X=300.000 Y=1500.000 Z=100.000) RuntimeGrid:None EditorOnly:0 RuntimeOnly:0 HLODRelevant:0 ListedInSceneOutliner:1 IsMainWorldOnly:0
 |   |   |- [+] [ 35]
 |   |   |   |- Guid:C4DA67C04D3B4CC36B0F5DB951236D9C BaseClass:/Game/Spiral_Seashell/BP_portal.BP_portal_C NativeClass:/Script/Engine.Actor Name:BP_portal_C_UAID_106FD9A61A0E97AC02_1905676708 Label:BP_portal2 SpatiallyLoaded:1 Bounds:IsValid=true, Min=(X=390.000 Y=1590.000 Z=0.000), Max=(X=490.000 Y=1690.000 Z=100.000) RuntimeGrid:None EditorOnly:0 RuntimeOnly:0 HLODRelevant:0 ListedInSceneOutliner:1 IsMainWorldOnly:0
 |   |   |- [+] [ 36]
 |   |   |   |- Guid:C5B3E4424CBD00AEFA3472B031B3F4ED BaseClass:/Game/Spiral_Seashell/BP_wall.BP_wall_C NativeClass:/Script/Engine.Actor Name:wall_C_UAID_106FD9A61A0E7CAC02_1412797951 Label:wall5 SpatiallyLoaded:1 Bounds:IsValid=true, Min=(X=1500.000 Y=1300.000 Z=0.000), Max=(X=1600.000 Y=1400.000 Z=100.000) RuntimeGrid:None EditorOnly:0 RuntimeOnly:0 HLODRelevant:0 ListedInSceneOutliner:1 IsMainWorldOnly:0
 |   |   |- [+] [ 37]
 |   |   |   |- Guid:C743499F4037B0CDEBCD83A73C2B3294 BaseClass: NativeClass:/Script/Engine.TextRenderActor Name:TextRenderActor_1 Label:TextRenderActor SpatiallyLoaded:1 Bounds:IsValid=true, Min=(X=-0.100 Y=1100.000 Z=65.013), Max=(X=-0.100 Y=2392.308 Z=215.013) RuntimeGrid:None EditorOnly:0 RuntimeOnly:0 HLODRelevant:0 ListedInSceneOutliner:1 IsMainWorldOnly:0
 |   |   |- [+] [ 38]
 |   |   |   |- Guid:C820CCF54120DB68EA342FBBCABEA9D9 BaseClass:/Game/Spiral_Seashell/BP_wall.BP_wall_C NativeClass:/Script/Engine.Actor Name:wall_C_UAID_106FD9A61A0E93AC02_1729797001 Label:wall8 SpatiallyLoaded:1 Bounds:IsValid=true, Min=(X=400.000 Y=2100.000 Z=0.000), Max=(X=500.000 Y=2200.000 Z=100.000) RuntimeGrid:None EditorOnly:0 RuntimeOnly:0 HLODRelevant:0 ListedInSceneOutliner:1 IsMainWorldOnly:0
 |   |   |- [+] [ 39]
 |   |   |   |- Guid:C889309C45D198CFFB4ABDB9099EDD60 BaseClass: NativeClass:/Script/Engine.StaticMeshActor Name:StaticMeshActor_19 Label:SM_QuarterCylinder2 SpatiallyLoaded:1 Bounds:IsValid=true, Min=(X=2500.000 Y=2600.000 Z=0.000), Max=(X=2600.000 Y=2700.000 Z=200.000) RuntimeGrid:None EditorOnly:0 RuntimeOnly:0 HLODRelevant:1 ListedInSceneOutliner:1 IsMainWorldOnly:0 FolderPath:Block02 FolderGuid:EBA23F8248252949750E43911A3A1CDD
 |   |   |- [+] [ 40]
 |   |   |   |- Guid:CABF17B14EB0508821FB0386F7250979 BaseClass:/Game/Spiral_Seashell/BP_wall.BP_wall_C NativeClass:/Script/Engine.Actor Name:wall_C_UAID_106FD9A61A0E99AC02_1313244055 Label:wall11 SpatiallyLoaded:1 Bounds:IsValid=true, Min=(X=400.000 Y=1400.000 Z=380.000), Max=(X=500.000 Y=1500.000 Z=480.000) RuntimeGrid:None EditorOnly:0 RuntimeOnly:0 HLODRelevant:0 ListedInSceneOutliner:1 IsMainWorldOnly:0
 |   |   |- [+] [ 41]
 |   |   |   |- Guid:D06F100F4B37417B1C9CDEA9F75047DC BaseClass: NativeClass:/Script/Engine.StaticMeshActor Name:StaticMeshActor_7 Label:SM_Cube7 SpatiallyLoaded:1 Bounds:IsValid=true, Min=(X=1300.000 Y=2200.000 Z=0.000), Max=(X=1500.000 Y=2300.000 Z=200.000) RuntimeGrid:None EditorOnly:0 RuntimeOnly:0 HLODRelevant:1 ListedInSceneOutliner:1 IsMainWorldOnly:0 FolderPath:Block01 FolderGuid:7D23E5AE4C2A421F86AF6986D87E6D05
 |   |   |- [+] [ 42]
 |   |   |   |- Guid:D0B561814A93F09711CF05B02B9F9455 BaseClass:/Game/Spiral_Seashell/BP_wall.BP_wall_C NativeClass:/Script/Engine.Actor Name:wall_C_UAID_106FD9A61A0E79AC02_1953199427 Label:wall4 SpatiallyLoaded:1 Bounds:IsValid=true, Min=(X=900.000 Y=1400.000 Z=0.000), Max=(X=1000.000 Y=1500.000 Z=100.000) RuntimeGrid:None EditorOnly:0 RuntimeOnly:0 HLODRelevant:0 ListedInSceneOutliner:1 IsMainWorldOnly:0
 |   |   |- [+] [ 43]
 |   |   |   |- Guid:DAC9B614427E56C2532026A2C081177C BaseClass:/Game/Spiral_Seashell/BP_breakableWall.BP_breakableWall_C NativeClass:/Script/Engine.Actor Name:BP_breakableWall_C_UAID_106FD9A61A0E95AC02_1677803353 Label:BP_breakableWall SpatiallyLoaded:1 Bounds:IsValid=true, Min=(X=700.000 Y=2000.000 Z=0.000), Max=(X=800.000 Y=2100.000 Z=100.000) RuntimeGrid:None EditorOnly:0 RuntimeOnly:0 HLODRelevant:0 ListedInSceneOutliner:1 IsMainWorldOnly:0
 |   |   |- [+] [ 44]
 |   |   |   |- Guid:DF58D6E945EE7E4D59B5E8AEA0AE8506 BaseClass: NativeClass:/Script/Engine.SkyAtmosphere Name:SkyAtmosphere_0 Label:SkyAtmosphere SpatiallyLoaded:0 Bounds:IsValid=true, Min=(X=0.000 Y=0.000 Z=1020.000), Max=(X=0.000 Y=0.000 Z=1020.000) RuntimeGrid:None EditorOnly:0 RuntimeOnly:0 HLODRelevant:0 ListedInSceneOutliner:1 IsMainWorldOnly:0 FolderPath:Lighting FolderGuid:963EC3EB4002CCE9759E2EBA541A873A
 |   |   |- [+] [ 45]
 |   |   |   |- Guid:E161AE5C43A47649BDFE11BCF0C91BA7 BaseClass: NativeClass:/Script/Engine.PostProcessVolume Name:PostProcessVolume_0 Label:PostProcessVolume SpatiallyLoaded:0 Bounds:IsValid=true, Min=(X=0.000 Y=0.000 Z=400.000), Max=(X=200.000 Y=200.000 Z=600.000) RuntimeGrid:None EditorOnly:0 RuntimeOnly:0 HLODRelevant:0 ListedInSceneOutliner:1 IsMainWorldOnly:0 FolderPath:Lighting FolderGuid:963EC3EB4002CCE9759E2EBA541A873A
 |   |   |- [+] [ 46]
 |   |   |   |- Guid:E7DFA2D84F35C0D866CDECAE7453A11E BaseClass: NativeClass:/Script/Engine.StaticMeshActor Name:StaticMeshActor_25 Label:SM_QuarterCylinder6 SpatiallyLoaded:1 Bounds:IsValid=true, Min=(X=1200.000 Y=2200.000 Z=0.000), Max=(X=1300.000 Y=2300.000 Z=200.000) RuntimeGrid:None EditorOnly:0 RuntimeOnly:0 HLODRelevant:1 ListedInSceneOutliner:1 IsMainWorldOnly:0 FolderPath:Block01 FolderGuid:7D23E5AE4C2A421F86AF6986D87E6D05
 |   |   |- [+] [ 47]
 |   |   |   |- Guid:EC451D3C44B1ACE50F1E38B40A2D7010 BaseClass: NativeClass:/Script/Engine.StaticMeshActor Name:StaticMeshActor_8 Label:SM_Cube4 SpatiallyLoaded:1 Bounds:IsValid=true, Min=(X=1200.000 Y=1700.000 Z=0.000), Max=(X=1800.000 Y=2200.000 Z=200.000) RuntimeGrid:None EditorOnly:0 RuntimeOnly:0 HLODRelevant:1 ListedInSceneOutliner:1 IsMainWorldOnly:0 FolderPath:Block01 FolderGuid:7D23E5AE4C2A421F86AF6986D87E6D05
 |   |   |- [+] [ 48]
 |   |   |   |- Guid:ED5F700941B36DA500A172A78927A8D5 BaseClass: NativeClass:/Script/Engine.SkyLight Name:SkyLight_1 Label:SkyLight SpatiallyLoaded:0 Bounds:IsValid=true, Min=(X=0.000 Y=0.000 Z=690.000), Max=(X=0.000 Y=0.000 Z=690.000) RuntimeGrid:None EditorOnly:0 RuntimeOnly:0 HLODRelevant:0 ListedInSceneOutliner:1 IsMainWorldOnly:0 FolderPath:Lighting FolderGuid:963EC3EB4002CCE9759E2EBA541A873A
 |   |   |- [+] [ 49]
 |   |   |   |- Guid:F1A454AE4C08FF6B6208D782DE4576C1 BaseClass: NativeClass:/Script/Engine.PlayerStart Name:PlayerStart_0 Label:PlayerStart SpatiallyLoaded:0 Bounds:IsValid=true, Min=(X=920.000 Y=1010.000 Z=20.013), Max=(X=1000.000 Y=1090.000 Z=204.013) RuntimeGrid:None EditorOnly:0 RuntimeOnly:0 HLODRelevant:0 ListedInSceneOutliner:1 IsMainWorldOnly:0
 |   |   |- [+] [ 50]
 |   |   |   |- Guid:F4ADDC6C4088FC1C0D1505A059CA1F1B BaseClass: NativeClass:/Script/Engine.StaticMeshActor Name:StaticMeshActor_21 Label:SM_QuarterCylinder3 SpatiallyLoaded:1 Bounds:IsValid=true, Min=(X=1500.000 Y=2200.000 Z=0.000), Max=(X=1600.000 Y=2300.000 Z=200.000) RuntimeGrid:None EditorOnly:0 RuntimeOnly:0 HLODRelevant:1 ListedInSceneOutliner:1 IsMainWorldOnly:0 FolderPath:Block01 FolderGuid:7D23E5AE4C2A421F86AF6986D87E6D05
 |   |   |- [+] [ 51]
 |   |   |   |- Guid:F6C4AB914A30EA36DCEEABBB64D3C827 BaseClass: NativeClass:/Script/Engine.StaticMeshActor Name:StaticMeshActor_18 Label:SM_QuarterCylinder SpatiallyLoaded:1 Bounds:IsValid=true, Min=(X=2500.000 Y=2800.000 Z=0.000), Max=(X=2600.000 Y=2900.000 Z=200.000) RuntimeGrid:None EditorOnly:0 RuntimeOnly:0 HLODRelevant:1 ListedInSceneOutliner:1 IsMainWorldOnly:0 FolderPath:Block02 FolderGuid:EBA23F8248252949750E43911A3A1CDD
 |   |   |- [+] [ 52]
 |   |   |   |- Guid:F701D4644EB58C83166A4D97CD849D66 BaseClass: NativeClass:/Script/Engine.StaticMeshActor Name:StaticMeshActor_35 Label:SM_QuarterCylinder14 SpatiallyLoaded:1 Bounds:IsValid=true, Min=(X=2200.000 Y=500.000 Z=0.000), Max=(X=2400.000 Y=700.000 Z=100.000) RuntimeGrid:None EditorOnly:0 RuntimeOnly:0 HLODRelevant:1 ListedInSceneOutliner:1 IsMainWorldOnly:0 FolderPath:Cylinder FolderGuid:D075E5BA49330D3EC2503D81A7CF88D1
 |   |   |- [+] [ 53]
 |   |   |   |- Guid:FCBC3BE3414FCAFC8E80D9AF92C122A8 BaseClass: NativeClass:/Script/Engine.ExponentialHeightFog Name:ExponentialHeightFog_0 Label:ExponentialHeightFog SpatiallyLoaded:0 Bounds:IsValid=true, Min=(X=-5600.000 Y=-50.000 Z=-6850.000), Max=(X=-5600.000 Y=-50.000 Z=-6850.000) RuntimeGrid:None EditorOnly:0 RuntimeOnly:0 HLODRelevant:0 ListedInSceneOutliner:1 IsMainWorldOnly:0 FolderPath:Lighting FolderGuid:963EC3EB4002CCE9759E2EBA541A873A
 |- ContainerInstances:
 |- [+] MainContainer:
 |   |-        ID: 00000000000000000000000000000000
 |   |-  ParentID: 00000000000000000000000000000000
 |   |-    Bounds: IsValid=false, Min=(X=0.000 Y=0.000 Z=0.000), Max=(X=0.000 Y=0.000 Z=0.000)
 |   |- Transform: 0.000000,0.000000,0.000000|0.000000,0.000000,-0.000000|1.000000,1.000000,1.000000
 |   |- Container: /Game/levels/level1map
----------------------------------------------------------------------------------------------------------------
level1map - Persistent Level
----------------------------------------------------------------------------------------------------------------
[+] Content of level1map Persistent Level
 |- Always loaded Actor Count: 61 
 |- Actor Path: /Game/levels/level1map.level1map:PersistentLevel.AbstractNavData-Default
 |- Actor Package: /Game/levels/level1map
 |- Actor Path: /Game/levels/level1map.level1map:PersistentLevel.BP_airbubble_C_UAID_106FD9A61A0E94AC02_2100287175
 |- Actor Package: /Game/__ExternalActors__/levels/level1map/D/1K/Q4CU299IYIO4UOQROLXIRP
 |- Actor Path: /Game/levels/level1map.level1map:PersistentLevel.BP_breakableWall_C_UAID_106FD9A61A0E95AC02_1677803353
 |- Actor Package: /Game/__ExternalActors__/levels/level1map/D/RQ/6EYEMI99R7UXMZZ6LTD7KQ
 |- Actor Path: /Game/levels/level1map.level1map:PersistentLevel.BP_breakableWall_C_UAID_106FD9A61A0E97AC02_1990427709
 |- Actor Package: /Game/__ExternalActors__/levels/level1map/0/XL/6YOO58Y7L7O5Q14PD6SEGS
 |- Actor Path: /Game/levels/level1map.level1map:PersistentLevel.BP_breakableWall_C_UAID_106FD9A61A0E9CAC02_1723775587
 |- Actor Package: /Game/__ExternalActors__/levels/level1map/C/VA/7XPMW1OKNK262MQ9QC2M0P
 |- Actor Path: /Game/levels/level1map.level1map:PersistentLevel.BP_portal_C_UAID_106FD9A61A0E97AC02_1895698707
 |- Actor Package: /Game/__ExternalActors__/levels/level1map/8/M2/TPAYX3A5RE7CG10UXVX2ZZ
 |- Actor Path: /Game/levels/level1map.level1map:PersistentLevel.BP_portal_C_UAID_106FD9A61A0E97AC02_1905676708
 |- Actor Package: /Game/__ExternalActors__/levels/level1map/3/U4/6VGOGYQWAKI11V2WKBTD0I
 |- Actor Path: /Game/levels/level1map.level1map:PersistentLevel.Brush_0
 |- Actor Package: /Game/levels/level1map
 |- Actor Path: /Game/levels/level1map.level1map:PersistentLevel.CameraActor_UAID_106FD9A61A0E7AAC02_1777086599
 |- Actor Package: /Game/__ExternalActors__/levels/level1map/C/SK/R000LWZAJYJ1PNC9U1K29G
 |- Actor Path: /Game/levels/level1map.level1map:PersistentLevel.DefaultPhysicsVolume_0
 |- Actor Package: /Game/levels/level1map
 |- Actor Path: /Game/levels/level1map.level1map:PersistentLevel.DirectionalLight_0
 |- Actor Package: /Game/__ExternalActors__/levels/level1map/5/4V/54R0KMXDT5OBG1Q5JX6WAV
 |- Actor Path: /Game/levels/level1map.level1map:PersistentLevel.ExponentialHeightFog_0
 |- Actor Package: /Game/__ExternalActors__/levels/level1map/C/LM/43TROCF89FHEPPU280G0ML
 |- Actor Path: /Game/levels/level1map.level1map:PersistentLevel.GameplayDebuggerPlayerManager_0
 |- Actor Package: /Game/levels/level1map
 |- Actor Path: /Game/levels/level1map.level1map:PersistentLevel.PlayerStart_0
 |- Actor Package: /Game/__ExternalActors__/levels/level1map/1/VB/BFUT2WI77K6SUFQNTJ2SH7
 |- Actor Path: /Game/levels/level1map.level1map:PersistentLevel.PostProcessVolume_0
 |- Actor Package: /Game/__ExternalActors__/levels/level1map/C/8H/QWQ3RYE1ADB5R2EFKA7CEZ
 |- Actor Path: /Game/levels/level1map.level1map:PersistentLevel.SkyAtmosphere_0
 |- Actor Package: /Game/__ExternalActors__/levels/level1map/6/JS/LUGMFMBEWAIMTV7NAI66YI
 |- Actor Path: /Game/levels/level1map.level1map:PersistentLevel.SkyLight_1
 |- Actor Package: /Game/__ExternalActors__/levels/level1map/A/MO/U49UZQ9DR3BLQ4RXC59P2U
 |- Actor Path: /Game/levels/level1map.level1map:PersistentLevel.StaticMeshActor_0
 |- Actor Package: /Game/__ExternalActors__/levels/level1map/4/TW/Z9PHOA6FKL4DKE252ME50Y
 |- Actor Path: /Game/levels/level1map.level1map:PersistentLevel.StaticMeshActor_3
 |- Actor Package: /Game/__ExternalActors__/levels/level1map/C/N5/PUFAGTX6Q2HOCKFTTHXW2K
 |- Actor Path: /Game/levels/level1map.level1map:PersistentLevel.StaticMeshActor_4
 |- Actor Package: /Game/__ExternalActors__/levels/level1map/4/PT/6S767JYSOVAHHW3XNDJ318
 |- Actor Path: /Game/levels/level1map.level1map:PersistentLevel.StaticMeshActor_5
 |- Actor Package: /Game/__ExternalActors__/levels/level1map/8/TU/J9GHORKA2WQZJ1WFAKGDEA
 |- Actor Path: /Game/levels/level1map.level1map:PersistentLevel.StaticMeshActor_6
 |- Actor Package: /Game/__ExternalActors__/levels/level1map/C/OS/2HM19929YKAOZKC10BOYTD
 |- Actor Path: /Game/levels/level1map.level1map:PersistentLevel.StaticMeshActor_7
 |- Actor Package: /Game/__ExternalActors__/levels/level1map/B/DR/QRFW55QW3KIIA92S9EEB7P
 |- Actor Path: /Game/levels/level1map.level1map:PersistentLevel.StaticMeshActor_8
 |- Actor Package: /Game/__ExternalActors__/levels/level1map/B/OG/2ZKKF5SJI3JEW3G0IUBMIJ
 |- Actor Path: /Game/levels/level1map.level1map:PersistentLevel.StaticMeshActor_10
 |- Actor Package: /Game/__ExternalActors__/levels/level1map/8/OS/IKCYMJ9H2ULOZUZD9LQ48P
 |- Actor Path: /Game/levels/level1map.level1map:PersistentLevel.StaticMeshActor_12
 |- Actor Package: /Game/__ExternalActors__/levels/level1map/F/32/OQDWEDHYRDXRJH5KENKIZC
 |- Actor Path: /Game/levels/level1map.level1map:PersistentLevel.StaticMeshActor_14
 |- Actor Package: /Game/__ExternalActors__/levels/level1map/5/ZN/QQFMH8PTMDXL9YIKQK8U9V
 |- Actor Path: /Game/levels/level1map.level1map:PersistentLevel.StaticMeshActor_15
 |- Actor Package: /Game/__ExternalActors__/levels/level1map/5/JN/YT06U6Q6BEEY8E2UR2JM03
 |- Actor Path: /Game/levels/level1map.level1map:PersistentLevel.StaticMeshActor_16
 |- Actor Package: /Game/__ExternalActors__/levels/level1map/D/SA/6DRMDCHNOMVD7UN52SZX4O
 |- Actor Path: /Game/levels/level1map.level1map:PersistentLevel.StaticMeshActor_18
 |- Actor Package: /Game/__ExternalActors__/levels/level1map/1/0A/569N9BZFTD4OI8WOMTFMS4
 |- Actor Path: /Game/levels/level1map.level1map:PersistentLevel.StaticMeshActor_19
 |- Actor Package: /Game/__ExternalActors__/levels/level1map/6/R6/Z9SUA4XXLJ3S7QW1O5SD6W
 |- Actor Path: /Game/levels/level1map.level1map:PersistentLevel.StaticMeshActor_20
 |- Actor Package: /Game/__ExternalActors__/levels/level1map/D/74/GXASKJY3BYWPLPCQF1PBH1
 |- Actor Path: /Game/levels/level1map.level1map:PersistentLevel.StaticMeshActor_21
 |- Actor Package: /Game/__ExternalActors__/levels/level1map/7/ZA/OD8UU8FZ0J5CBAP92PTG22
 |- Actor Path: /Game/levels/level1map.level1map:PersistentLevel.StaticMeshActor_22
 |- Actor Package: /Game/__ExternalActors__/levels/level1map/6/6C/RM8GSV7Z9752M82E5XY84G
 |- Actor Path: /Game/levels/level1map.level1map:PersistentLevel.StaticMeshActor_23
 |- Actor Package: /Game/__ExternalActors__/levels/level1map/D/N7/92AHLDNVWVZMB6DZFCSOHT
 |- Actor Path: /Game/levels/level1map.level1map:PersistentLevel.StaticMeshActor_24
 |- Actor Package: /Game/__ExternalActors__/levels/level1map/3/MU/ILSNF0QKDJZBIRQM03UVL1
 |- Actor Path: /Game/levels/level1map.level1map:PersistentLevel.StaticMeshActor_25
 |- Actor Package: /Game/__ExternalActors__/levels/level1map/C/AN/R5LVODD78U66M6UDQSA6BE
 |- Actor Path: /Game/levels/level1map.level1map:PersistentLevel.StaticMeshActor_32
 |- Actor Package: /Game/__ExternalActors__/levels/level1map/3/O2/AG2C0NSSDAX6BYZ1SY9NQ6
 |- Actor Path: /Game/levels/level1map.level1map:PersistentLevel.StaticMeshActor_33
 |- Actor Package: /Game/__ExternalActors__/levels/level1map/7/07/NRX7LOCY3MK1Z8X657ZHNY
 |- Actor Path: /Game/levels/level1map.level1map:PersistentLevel.StaticMeshActor_34
 |- Actor Package: /Game/__ExternalActors__/levels/level1map/E/T2/AHQL04675VN5NGAU2576VA
 |- Actor Path: /Game/levels/level1map.level1map:PersistentLevel.StaticMeshActor_35
 |- Actor Package: /Game/__ExternalActors__/levels/level1map/3/MI/UNGAUC6JIYGGU9ZTGKFDPS
 |- Actor Path: /Game/levels/level1map.level1map:PersistentLevel.StaticMeshActor_UAID_A4AE111137DC5EFB00_1110535423
 |- Actor Package: /Game/__ExternalActors__/levels/level1map/C/Y4/3PPBLULQ3CMNLKWQ3ZNCX3
 |- Actor Path: /Game/levels/level1map.level1map:PersistentLevel.TextRenderActor_1
 |- Actor Package: /Game/__ExternalActors__/levels/level1map/6/8A/39SG2LQUWOF3LZ5H4UR2UP
 |- Actor Path: /Game/levels/level1map.level1map:PersistentLevel.ThirdPersonMap_C_1
 |- Actor Package: /Game/levels/level1map
 |- Actor Path: /Game/levels/level1map.level1map:PersistentLevel.VolumetricCloud_0
 |- Actor Package: /Game/__ExternalActors__/levels/level1map/9/ON/AXC1MDV71YMW622LFLLZQW
 |- Actor Path: /Game/levels/level1map.level1map:PersistentLevel.wall_C_UAID_106FD9A61A0E79AC02_1953199427
 |- Actor Package: /Game/__ExternalActors__/levels/level1map/6/VQ/AZVUJM9FIGC7QZPNIK6DKT
 |- Actor Path: /Game/levels/level1map.level1map:PersistentLevel.wall_C_UAID_106FD9A61A0E7AAC02_1826483600
 |- Actor Package: /Game/__ExternalActors__/levels/level1map/5/NG/SYZLHHBFHERR8QC18BMQM2
 |- Actor Path: /Game/levels/level1map.level1map:PersistentLevel.wall_C_UAID_106FD9A61A0E7AAC02_1829565601
 |- Actor Package: /Game/__ExternalActors__/levels/level1map/4/FF/H8TJL0O3O3PDS5EAWKV04A
 |- Actor Path: /Game/levels/level1map.level1map:PersistentLevel.wall_C_UAID_106FD9A61A0E7AAC02_1836750603
 |- Actor Package: /Game/__ExternalActors__/levels/level1map/5/5N/VQ9TXRKBFPUMOJ8YRZNITX
 |- Actor Path: /Game/levels/level1map.level1map:PersistentLevel.wall_C_UAID_106FD9A61A0E7CAC02_1412797951
 |- Actor Package: /Game/__ExternalActors__/levels/level1map/9/VJ/BSWKGALYR8L42WHI0WTJK6
 |- Actor Path: /Game/levels/level1map.level1map:PersistentLevel.wall_C_UAID_106FD9A61A0E7CAC02_1421826952
 |- Actor Package: /Game/__ExternalActors__/levels/level1map/8/JC/DXXSM9CBMAEIMSI96QCJQJ
 |- Actor Path: /Game/levels/level1map.level1map:PersistentLevel.wall_C_UAID_106FD9A61A0E84AC02_1573869361
 |- Actor Package: /Game/__ExternalActors__/levels/level1map/2/45/IMIK9UGFQR0AEEFGMOEY0I
 |- Actor Path: /Game/levels/level1map.level1map:PersistentLevel.wall_C_UAID_106FD9A61A0E93AC02_1729797001
 |- Actor Package: /Game/__ExternalActors__/levels/level1map/4/ZC/8UL2GHV4JCQV9Q3L3YRGJ5
 |- Actor Path: /Game/levels/level1map.level1map:PersistentLevel.wall_C_UAID_106FD9A61A0E95AC02_1690815354
 |- Actor Package: /Game/__ExternalActors__/levels/level1map/A/7B/OXE0V296XIH5XT7I1NNRJJ
 |- Actor Path: /Game/levels/level1map.level1map:PersistentLevel.wall_C_UAID_106FD9A61A0E97AC02_1998031710
 |- Actor Package: /Game/__ExternalActors__/levels/level1map/D/HF/KX0MKLSO2LFIXQD68IDFRJ
 |- Actor Path: /Game/levels/level1map.level1map:PersistentLevel.wall_C_UAID_106FD9A61A0E99AC02_1313244055
 |- Actor Package: /Game/__ExternalActors__/levels/level1map/3/X2/23NP2UO5U3WSWA0DYROQG6
 |- Actor Path: /Game/levels/level1map.level1map:PersistentLevel.wall_C_UAID_106FD9A61A0E9DAC02_1424960764
 |- Actor Package: /Game/__ExternalActors__/levels/level1map/8/L6/ZWNHZLXSF1TIV4WNPB8P2M
 |- Actor Path: /Game/levels/level1map.level1map:PersistentLevel.wall_C_UAID_106FD9A61A0E9EAC02_1817865942
 |- Actor Package: /Game/__ExternalActors__/levels/level1map/5/VU/BTPAM55ZOTCXOSZRXUH85H
 |- Actor Path: /Game/levels/level1map.level1map:PersistentLevel.WorldDataLayers
 |- Actor Package: /Game/__ExternalActors__/levels/level1map/5/JZ/N2D6E1JZWCY8E1YXUSDA3F
 |- Actor Path: /Game/levels/level1map.level1map:PersistentLevel.WorldInfo_0
 |- Actor Package: /Game/levels/level1map
 |- Actor Path: /Game/levels/level1map.level1map:PersistentLevel.WorldPartitionMiniMap_0
 |- Actor Package: /Game/__ExternalActors__/levels/level1map/A/GZ/3ZBSWT5G8VXOL08KU61JGX

----------------------------------------------------------------------------------------------------------------
level1map - Runtime Spatial Hash - Streaming Grid - MainGrid
----------------------------------------------------------------------------------------------------------------
            Origin: X=0.000 Y=0.000 Z=0.000
         Cell Size: 12800
      World Bounds: IsValid=false, Min=(X=0.000 Y=0.000 Z=0.000), Max=(X=0.000 Y=0.000 Z=0.000)
     Loading Range: 25600.00
Block Slow Loading: No
 ClientOnlyVisible: No
            Origin: X=0.000 Y=0.000 Z=0.000

[+] Grid Levels: 1
 |- Level  0: Cell Count    0 | Cell Size   12800 | Actor Count    0 (0.0%)

[+] Content of Grid Level 0

